Determining if the pthread_create exist failed with the following output:
Change Dir: /home/oai-epc/test/location_new/CMakeFiles/CMakeTmp

Run Build Command:"/usr/bin/make" "cmTC_a3c4d/fast"
/usr/bin/make -f CMakeFiles/cmTC_a3c4d.dir/build.make CMakeFiles/cmTC_a3c4d.dir/build
make[1]: Entering directory '/home/oai-epc/test/location_new/CMakeFiles/CMakeTmp'
Building C object CMakeFiles/cmTC_a3c4d.dir/CheckSymbolExists.c.o
/usr/bin/cc     -o CMakeFiles/cmTC_a3c4d.dir/CheckSymbolExists.c.o   -c /home/oai-epc/test/location_new/CMakeFiles/CMakeTmp/CheckSymbolExists.c
Linking C executable cmTC_a3c4d
/usr/bin/cmake -E cmake_link_script CMakeFiles/cmTC_a3c4d.dir/link.txt --verbose=1
/usr/bin/cc       CMakeFiles/cmTC_a3c4d.dir/CheckSymbolExists.c.o  -o cmTC_a3c4d -rdynamic 
CMakeFiles/cmTC_a3c4d.dir/CheckSymbolExists.c.o: In function `main':
CheckSymbolExists.c:(.text+0x16): undefined reference to `pthread_create'
collect2: error: ld returned 1 exit status
CMakeFiles/cmTC_a3c4d.dir/build.make:97: recipe for target 'cmTC_a3c4d' failed
make[1]: *** [cmTC_a3c4d] Error 1
make[1]: Leaving directory '/home/oai-epc/test/location_new/CMakeFiles/CMakeTmp'
Makefile:126: recipe for target 'cmTC_a3c4d/fast' failed
make: *** [cmTC_a3c4d/fast] Error 2

File /home/oai-epc/test/location_new/CMakeFiles/CMakeTmp/CheckSymbolExists.c:
/* */
#include <pthread.h>

int main(int argc, char** argv)
{
  (void)argv;
#ifndef pthread_create
  return ((int*)(&pthread_create))[argc];
#else
  (void)argc;
  return 0;
#endif
}

Determining if the function pthread_create exists in the pthreads failed with the following output:
Change Dir: /home/oai-epc/test/location_new/CMakeFiles/CMakeTmp

Run Build Command:"/usr/bin/make" "cmTC_0d04c/fast"
/usr/bin/make -f CMakeFiles/cmTC_0d04c.dir/build.make CMakeFiles/cmTC_0d04c.dir/build
make[1]: Entering directory '/home/oai-epc/test/location_new/CMakeFiles/CMakeTmp'
Building C object CMakeFiles/cmTC_0d04c.dir/CheckFunctionExists.c.o
/usr/bin/cc    -DCHECK_FUNCTION_EXISTS=pthread_create   -o CMakeFiles/cmTC_0d04c.dir/CheckFunctionExists.c.o   -c /usr/share/cmake-3.5/Modules/CheckFunctionExists.c
Linking C executable cmTC_0d04c
/usr/bin/cmake -E cmake_link_script CMakeFiles/cmTC_0d04c.dir/link.txt --verbose=1
/usr/bin/cc   -DCHECK_FUNCTION_EXISTS=pthread_create    CMakeFiles/cmTC_0d04c.dir/CheckFunctionExists.c.o  -o cmTC_0d04c -rdynamic -lpthreads 
/usr/bin/ld: cannot find -lpthreads
collect2: error: ld returned 1 exit status
CMakeFiles/cmTC_0d04c.dir/build.make:97: recipe for target 'cmTC_0d04c' failed
make[1]: *** [cmTC_0d04c] Error 1
make[1]: Leaving directory '/home/oai-epc/test/location_new/CMakeFiles/CMakeTmp'
Makefile:126: recipe for target 'cmTC_0d04c/fast' failed
make: *** [cmTC_0d04c/fast] Error 2


Determining if the pthread_create exist failed with the following output:
Change Dir: /home/ryan/Downloads/location_new/CMakeFiles/CMakeTmp

Run Build Command:"/usr/bin/make" "cmTC_ea7b9/fast"
/usr/bin/make -f CMakeFiles/cmTC_ea7b9.dir/build.make CMakeFiles/cmTC_ea7b9.dir/build
make[1]: Entering directory '/home/ryan/Downloads/location_new/CMakeFiles/CMakeTmp'
Building C object CMakeFiles/cmTC_ea7b9.dir/CheckSymbolExists.c.o
/usr/bin/cc     -o CMakeFiles/cmTC_ea7b9.dir/CheckSymbolExists.c.o   -c /home/ryan/Downloads/location_new/CMakeFiles/CMakeTmp/CheckSymbolExists.c
Linking C executable cmTC_ea7b9
/usr/bin/cmake -E cmake_link_script CMakeFiles/cmTC_ea7b9.dir/link.txt --verbose=1
/usr/bin/cc       CMakeFiles/cmTC_ea7b9.dir/CheckSymbolExists.c.o  -o cmTC_ea7b9 -rdynamic 
CMakeFiles/cmTC_ea7b9.dir/CheckSymbolExists.c.o: In function `main':
CheckSymbolExists.c:(.text+0x16): undefined reference to `pthread_create'
collect2: error: ld returned 1 exit status
CMakeFiles/cmTC_ea7b9.dir/build.make:97: recipe for target 'cmTC_ea7b9' failed
make[1]: *** [cmTC_ea7b9] Error 1
make[1]: Leaving directory '/home/ryan/Downloads/location_new/CMakeFiles/CMakeTmp'
Makefile:126: recipe for target 'cmTC_ea7b9/fast' failed
make: *** [cmTC_ea7b9/fast] Error 2

File /home/ryan/Downloads/location_new/CMakeFiles/CMakeTmp/CheckSymbolExists.c:
/* */
#include <pthread.h>

int main(int argc, char** argv)
{
  (void)argv;
#ifndef pthread_create
  return ((int*)(&pthread_create))[argc];
#else
  (void)argc;
  return 0;
#endif
}

Determining if the function pthread_create exists in the pthreads failed with the following output:
Change Dir: /home/ryan/Downloads/location_new/CMakeFiles/CMakeTmp

Run Build Command:"/usr/bin/make" "cmTC_d0cb6/fast"
/usr/bin/make -f CMakeFiles/cmTC_d0cb6.dir/build.make CMakeFiles/cmTC_d0cb6.dir/build
make[1]: Entering directory '/home/ryan/Downloads/location_new/CMakeFiles/CMakeTmp'
Building C object CMakeFiles/cmTC_d0cb6.dir/CheckFunctionExists.c.o
/usr/bin/cc    -DCHECK_FUNCTION_EXISTS=pthread_create   -o CMakeFiles/cmTC_d0cb6.dir/CheckFunctionExists.c.o   -c /usr/share/cmake-3.5/Modules/CheckFunctionExists.c
Linking C executable cmTC_d0cb6
/usr/bin/cmake -E cmake_link_script CMakeFiles/cmTC_d0cb6.dir/link.txt --verbose=1
/usr/bin/cc   -DCHECK_FUNCTION_EXISTS=pthread_create    CMakeFiles/cmTC_d0cb6.dir/CheckFunctionExists.c.o  -o cmTC_d0cb6 -rdynamic -lpthreads 
/usr/bin/ld: cannot find -lpthreads
collect2: error: ld returned 1 exit status
CMakeFiles/cmTC_d0cb6.dir/build.make:97: recipe for target 'cmTC_d0cb6' failed
make[1]: *** [cmTC_d0cb6] Error 1
make[1]: Leaving directory '/home/ryan/Downloads/location_new/CMakeFiles/CMakeTmp'
Makefile:126: recipe for target 'cmTC_d0cb6/fast' failed
make: *** [cmTC_d0cb6/fast] Error 2


Determining if the pthread_create exist failed with the following output:
Change Dir: /home/oai-epc/Downloads/location_new/CMakeFiles/CMakeTmp

Run Build Command:"/usr/bin/make" "cmTC_e9470/fast"
/usr/bin/make -f CMakeFiles/cmTC_e9470.dir/build.make CMakeFiles/cmTC_e9470.dir/build
make[1]: Entering directory '/home/oai-epc/Downloads/location_new/CMakeFiles/CMakeTmp'
Building C object CMakeFiles/cmTC_e9470.dir/CheckSymbolExists.c.o
/usr/bin/cc     -o CMakeFiles/cmTC_e9470.dir/CheckSymbolExists.c.o   -c /home/oai-epc/Downloads/location_new/CMakeFiles/CMakeTmp/CheckSymbolExists.c
Linking C executable cmTC_e9470
/usr/bin/cmake -E cmake_link_script CMakeFiles/cmTC_e9470.dir/link.txt --verbose=1
/usr/bin/cc       CMakeFiles/cmTC_e9470.dir/CheckSymbolExists.c.o  -o cmTC_e9470 -rdynamic 
CMakeFiles/cmTC_e9470.dir/CheckSymbolExists.c.o: In function `main':
CheckSymbolExists.c:(.text+0x16): undefined reference to `pthread_create'
collect2: error: ld returned 1 exit status
CMakeFiles/cmTC_e9470.dir/build.make:97: recipe for target 'cmTC_e9470' failed
make[1]: *** [cmTC_e9470] Error 1
make[1]: Leaving directory '/home/oai-epc/Downloads/location_new/CMakeFiles/CMakeTmp'
Makefile:126: recipe for target 'cmTC_e9470/fast' failed
make: *** [cmTC_e9470/fast] Error 2

File /home/oai-epc/Downloads/location_new/CMakeFiles/CMakeTmp/CheckSymbolExists.c:
/* */
#include <pthread.h>

int main(int argc, char** argv)
{
  (void)argv;
#ifndef pthread_create
  return ((int*)(&pthread_create))[argc];
#else
  (void)argc;
  return 0;
#endif
}

Determining if the function pthread_create exists in the pthreads failed with the following output:
Change Dir: /home/oai-epc/Downloads/location_new/CMakeFiles/CMakeTmp

Run Build Command:"/usr/bin/make" "cmTC_2c750/fast"
/usr/bin/make -f CMakeFiles/cmTC_2c750.dir/build.make CMakeFiles/cmTC_2c750.dir/build
make[1]: Entering directory '/home/oai-epc/Downloads/location_new/CMakeFiles/CMakeTmp'
Building C object CMakeFiles/cmTC_2c750.dir/CheckFunctionExists.c.o
/usr/bin/cc    -DCHECK_FUNCTION_EXISTS=pthread_create   -o CMakeFiles/cmTC_2c750.dir/CheckFunctionExists.c.o   -c /usr/share/cmake-3.5/Modules/CheckFunctionExists.c
Linking C executable cmTC_2c750
/usr/bin/cmake -E cmake_link_script CMakeFiles/cmTC_2c750.dir/link.txt --verbose=1
/usr/bin/cc   -DCHECK_FUNCTION_EXISTS=pthread_create    CMakeFiles/cmTC_2c750.dir/CheckFunctionExists.c.o  -o cmTC_2c750 -rdynamic -lpthreads 
/usr/bin/ld: cannot find -lpthreads
collect2: error: ld returned 1 exit status
CMakeFiles/cmTC_2c750.dir/build.make:97: recipe for target 'cmTC_2c750' failed
make[1]: *** [cmTC_2c750] Error 1
make[1]: Leaving directory '/home/oai-epc/Downloads/location_new/CMakeFiles/CMakeTmp'
Makefile:126: recipe for target 'cmTC_2c750/fast' failed
make: *** [cmTC_2c750/fast] Error 2


Determining if the pthread_create exist failed with the following output:
Change Dir: /home/oai-epc/Downloads/location_iot/CMakeFiles/CMakeTmp

Run Build Command:"/usr/bin/make" "cmTC_af346/fast"
/usr/bin/make -f CMakeFiles/cmTC_af346.dir/build.make CMakeFiles/cmTC_af346.dir/build
make[1]: Entering directory '/home/oai-epc/Downloads/location_iot/CMakeFiles/CMakeTmp'
Building C object CMakeFiles/cmTC_af346.dir/CheckSymbolExists.c.o
/usr/bin/cc     -o CMakeFiles/cmTC_af346.dir/CheckSymbolExists.c.o   -c /home/oai-epc/Downloads/location_iot/CMakeFiles/CMakeTmp/CheckSymbolExists.c
Linking C executable cmTC_af346
/usr/bin/cmake -E cmake_link_script CMakeFiles/cmTC_af346.dir/link.txt --verbose=1
/usr/bin/cc       CMakeFiles/cmTC_af346.dir/CheckSymbolExists.c.o  -o cmTC_af346 -rdynamic 
CMakeFiles/cmTC_af346.dir/CheckSymbolExists.c.o: In function `main':
CheckSymbolExists.c:(.text+0x16): undefined reference to `pthread_create'
collect2: error: ld returned 1 exit status
CMakeFiles/cmTC_af346.dir/build.make:97: recipe for target 'cmTC_af346' failed
make[1]: *** [cmTC_af346] Error 1
make[1]: Leaving directory '/home/oai-epc/Downloads/location_iot/CMakeFiles/CMakeTmp'
Makefile:126: recipe for target 'cmTC_af346/fast' failed
make: *** [cmTC_af346/fast] Error 2

File /home/oai-epc/Downloads/location_iot/CMakeFiles/CMakeTmp/CheckSymbolExists.c:
/* */
#include <pthread.h>

int main(int argc, char** argv)
{
  (void)argv;
#ifndef pthread_create
  return ((int*)(&pthread_create))[argc];
#else
  (void)argc;
  return 0;
#endif
}

Determining if the function pthread_create exists in the pthreads failed with the following output:
Change Dir: /home/oai-epc/Downloads/location_iot/CMakeFiles/CMakeTmp

Run Build Command:"/usr/bin/make" "cmTC_d0bc3/fast"
/usr/bin/make -f CMakeFiles/cmTC_d0bc3.dir/build.make CMakeFiles/cmTC_d0bc3.dir/build
make[1]: Entering directory '/home/oai-epc/Downloads/location_iot/CMakeFiles/CMakeTmp'
Building C object CMakeFiles/cmTC_d0bc3.dir/CheckFunctionExists.c.o
/usr/bin/cc    -DCHECK_FUNCTION_EXISTS=pthread_create   -o CMakeFiles/cmTC_d0bc3.dir/CheckFunctionExists.c.o   -c /usr/share/cmake-3.5/Modules/CheckFunctionExists.c
Linking C executable cmTC_d0bc3
/usr/bin/cmake -E cmake_link_script CMakeFiles/cmTC_d0bc3.dir/link.txt --verbose=1
/usr/bin/cc   -DCHECK_FUNCTION_EXISTS=pthread_create    CMakeFiles/cmTC_d0bc3.dir/CheckFunctionExists.c.o  -o cmTC_d0bc3 -rdynamic -lpthreads 
/usr/bin/ld: cannot find -lpthreads
collect2: error: ld returned 1 exit status
CMakeFiles/cmTC_d0bc3.dir/build.make:97: recipe for target 'cmTC_d0bc3' failed
make[1]: *** [cmTC_d0bc3] Error 1
make[1]: Leaving directory '/home/oai-epc/Downloads/location_iot/CMakeFiles/CMakeTmp'
Makefile:126: recipe for target 'cmTC_d0bc3/fast' failed
make: *** [cmTC_d0bc3/fast] Error 2


Determining if the pthread_create exist failed with the following output:
Change Dir: /home/wirelab/Downloads/location_iot/CMakeFiles/CMakeTmp

Run Build Command:"/usr/bin/make" "cmTC_02dbe/fast"
/usr/bin/make -f CMakeFiles/cmTC_02dbe.dir/build.make CMakeFiles/cmTC_02dbe.dir/build
make[1]: Entering directory '/home/wirelab/Downloads/location_iot/CMakeFiles/CMakeTmp'
Building C object CMakeFiles/cmTC_02dbe.dir/CheckSymbolExists.c.o
/usr/bin/cc     -o CMakeFiles/cmTC_02dbe.dir/CheckSymbolExists.c.o   -c /home/wirelab/Downloads/location_iot/CMakeFiles/CMakeTmp/CheckSymbolExists.c
Linking C executable cmTC_02dbe
/usr/bin/cmake -E cmake_link_script CMakeFiles/cmTC_02dbe.dir/link.txt --verbose=1
/usr/bin/cc       CMakeFiles/cmTC_02dbe.dir/CheckSymbolExists.c.o  -o cmTC_02dbe -rdynamic 
CMakeFiles/cmTC_02dbe.dir/CheckSymbolExists.c.o: In function `main':
CheckSymbolExists.c:(.text+0x16): undefined reference to `pthread_create'
collect2: error: ld returned 1 exit status
CMakeFiles/cmTC_02dbe.dir/build.make:97: recipe for target 'cmTC_02dbe' failed
make[1]: *** [cmTC_02dbe] Error 1
make[1]: Leaving directory '/home/wirelab/Downloads/location_iot/CMakeFiles/CMakeTmp'
Makefile:126: recipe for target 'cmTC_02dbe/fast' failed
make: *** [cmTC_02dbe/fast] Error 2

File /home/wirelab/Downloads/location_iot/CMakeFiles/CMakeTmp/CheckSymbolExists.c:
/* */
#include <pthread.h>

int main(int argc, char** argv)
{
  (void)argv;
#ifndef pthread_create
  return ((int*)(&pthread_create))[argc];
#else
  (void)argc;
  return 0;
#endif
}

Determining if the function pthread_create exists in the pthreads failed with the following output:
Change Dir: /home/wirelab/Downloads/location_iot/CMakeFiles/CMakeTmp

Run Build Command:"/usr/bin/make" "cmTC_12e00/fast"
/usr/bin/make -f CMakeFiles/cmTC_12e00.dir/build.make CMakeFiles/cmTC_12e00.dir/build
make[1]: Entering directory '/home/wirelab/Downloads/location_iot/CMakeFiles/CMakeTmp'
Building C object CMakeFiles/cmTC_12e00.dir/CheckFunctionExists.c.o
/usr/bin/cc    -DCHECK_FUNCTION_EXISTS=pthread_create   -o CMakeFiles/cmTC_12e00.dir/CheckFunctionExists.c.o   -c /usr/share/cmake-3.5/Modules/CheckFunctionExists.c
Linking C executable cmTC_12e00
/usr/bin/cmake -E cmake_link_script CMakeFiles/cmTC_12e00.dir/link.txt --verbose=1
/usr/bin/cc   -DCHECK_FUNCTION_EXISTS=pthread_create    CMakeFiles/cmTC_12e00.dir/CheckFunctionExists.c.o  -o cmTC_12e00 -rdynamic -lpthreads 
/usr/bin/ld: cannot find -lpthreads
collect2: error: ld returned 1 exit status
CMakeFiles/cmTC_12e00.dir/build.make:97: recipe for target 'cmTC_12e00' failed
make[1]: *** [cmTC_12e00] Error 1
make[1]: Leaving directory '/home/wirelab/Downloads/location_iot/CMakeFiles/CMakeTmp'
Makefile:126: recipe for target 'cmTC_12e00/fast' failed
make: *** [cmTC_12e00/fast] Error 2


Determining if the pthread_create exist failed with the following output:
Change Dir: /home/ryan/RECO/location_iot/CMakeFiles/CMakeTmp

Run Build Command:"/usr/bin/make" "cmTC_5b1c5/fast"
/usr/bin/make -f CMakeFiles/cmTC_5b1c5.dir/build.make CMakeFiles/cmTC_5b1c5.dir/build
make[1]: Entering directory '/home/ryan/RECO/location_iot/CMakeFiles/CMakeTmp'
Building C object CMakeFiles/cmTC_5b1c5.dir/CheckSymbolExists.c.o
/usr/bin/cc     -o CMakeFiles/cmTC_5b1c5.dir/CheckSymbolExists.c.o   -c /home/ryan/RECO/location_iot/CMakeFiles/CMakeTmp/CheckSymbolExists.c
Linking C executable cmTC_5b1c5
/usr/bin/cmake -E cmake_link_script CMakeFiles/cmTC_5b1c5.dir/link.txt --verbose=1
/usr/bin/cc       CMakeFiles/cmTC_5b1c5.dir/CheckSymbolExists.c.o  -o cmTC_5b1c5 -rdynamic 
CMakeFiles/cmTC_5b1c5.dir/CheckSymbolExists.c.o: In function `main':
CheckSymbolExists.c:(.text+0x16): undefined reference to `pthread_create'
collect2: error: ld returned 1 exit status
CMakeFiles/cmTC_5b1c5.dir/build.make:97: recipe for target 'cmTC_5b1c5' failed
make[1]: *** [cmTC_5b1c5] Error 1
make[1]: Leaving directory '/home/ryan/RECO/location_iot/CMakeFiles/CMakeTmp'
Makefile:126: recipe for target 'cmTC_5b1c5/fast' failed
make: *** [cmTC_5b1c5/fast] Error 2

File /home/ryan/RECO/location_iot/CMakeFiles/CMakeTmp/CheckSymbolExists.c:
/* */
#include <pthread.h>

int main(int argc, char** argv)
{
  (void)argv;
#ifndef pthread_create
  return ((int*)(&pthread_create))[argc];
#else
  (void)argc;
  return 0;
#endif
}

Determining if the function pthread_create exists in the pthreads failed with the following output:
Change Dir: /home/ryan/RECO/location_iot/CMakeFiles/CMakeTmp

Run Build Command:"/usr/bin/make" "cmTC_ab926/fast"
/usr/bin/make -f CMakeFiles/cmTC_ab926.dir/build.make CMakeFiles/cmTC_ab926.dir/build
make[1]: Entering directory '/home/ryan/RECO/location_iot/CMakeFiles/CMakeTmp'
Building C object CMakeFiles/cmTC_ab926.dir/CheckFunctionExists.c.o
/usr/bin/cc    -DCHECK_FUNCTION_EXISTS=pthread_create   -o CMakeFiles/cmTC_ab926.dir/CheckFunctionExists.c.o   -c /usr/share/cmake-3.5/Modules/CheckFunctionExists.c
Linking C executable cmTC_ab926
/usr/bin/cmake -E cmake_link_script CMakeFiles/cmTC_ab926.dir/link.txt --verbose=1
/usr/bin/cc   -DCHECK_FUNCTION_EXISTS=pthread_create    CMakeFiles/cmTC_ab926.dir/CheckFunctionExists.c.o  -o cmTC_ab926 -rdynamic -lpthreads 
/usr/bin/ld: cannot find -lpthreads
collect2: error: ld returned 1 exit status
CMakeFiles/cmTC_ab926.dir/build.make:97: recipe for target 'cmTC_ab926' failed
make[1]: *** [cmTC_ab926] Error 1
make[1]: Leaving directory '/home/ryan/RECO/location_iot/CMakeFiles/CMakeTmp'
Makefile:126: recipe for target 'cmTC_ab926/fast' failed
make: *** [cmTC_ab926/fast] Error 2


Determining if the pthread_create exist failed with the following output:
Change Dir: /home/ryan/RECO/location_iot/CMakeFiles/CMakeTmp

Run Build Command:"/usr/bin/make" "cmTC_0f0ba/fast"
make[1]: Entering directory '/home/ryan/RECO/location_iot/CMakeFiles/CMakeTmp'
/usr/bin/make -f CMakeFiles/cmTC_0f0ba.dir/build.make CMakeFiles/cmTC_0f0ba.dir/build
make[2]: Entering directory '/home/ryan/RECO/location_iot/CMakeFiles/CMakeTmp'
Building C object CMakeFiles/cmTC_0f0ba.dir/CheckSymbolExists.c.o
/usr/bin/cc     -o CMakeFiles/cmTC_0f0ba.dir/CheckSymbolExists.c.o   -c /home/ryan/RECO/location_iot/CMakeFiles/CMakeTmp/CheckSymbolExists.c
Linking C executable cmTC_0f0ba
/usr/bin/cmake -E cmake_link_script CMakeFiles/cmTC_0f0ba.dir/link.txt --verbose=1
/usr/bin/cc       CMakeFiles/cmTC_0f0ba.dir/CheckSymbolExists.c.o  -o cmTC_0f0ba -rdynamic 
CMakeFiles/cmTC_0f0ba.dir/CheckSymbolExists.c.o: In function `main':
CheckSymbolExists.c:(.text+0x16): undefined reference to `pthread_create'
collect2: error: ld returned 1 exit status
CMakeFiles/cmTC_0f0ba.dir/build.make:97: recipe for target 'cmTC_0f0ba' failed
make[2]: *** [cmTC_0f0ba] Error 1
make[2]: Leaving directory '/home/ryan/RECO/location_iot/CMakeFiles/CMakeTmp'
Makefile:126: recipe for target 'cmTC_0f0ba/fast' failed
make[1]: *** [cmTC_0f0ba/fast] Error 2
make[1]: Leaving directory '/home/ryan/RECO/location_iot/CMakeFiles/CMakeTmp'

File /home/ryan/RECO/location_iot/CMakeFiles/CMakeTmp/CheckSymbolExists.c:
/* */
#include <pthread.h>

int main(int argc, char** argv)
{
  (void)argv;
#ifndef pthread_create
  return ((int*)(&pthread_create))[argc];
#else
  (void)argc;
  return 0;
#endif
}

Determining if the function pthread_create exists in the pthreads failed with the following output:
Change Dir: /home/ryan/RECO/location_iot/CMakeFiles/CMakeTmp

Run Build Command:"/usr/bin/make" "cmTC_b7da4/fast"
make[1]: Entering directory '/home/ryan/RECO/location_iot/CMakeFiles/CMakeTmp'
/usr/bin/make -f CMakeFiles/cmTC_b7da4.dir/build.make CMakeFiles/cmTC_b7da4.dir/build
make[2]: Entering directory '/home/ryan/RECO/location_iot/CMakeFiles/CMakeTmp'
Building C object CMakeFiles/cmTC_b7da4.dir/CheckFunctionExists.c.o
/usr/bin/cc    -DCHECK_FUNCTION_EXISTS=pthread_create   -o CMakeFiles/cmTC_b7da4.dir/CheckFunctionExists.c.o   -c /usr/share/cmake-3.5/Modules/CheckFunctionExists.c
Linking C executable cmTC_b7da4
/usr/bin/cmake -E cmake_link_script CMakeFiles/cmTC_b7da4.dir/link.txt --verbose=1
/usr/bin/cc   -DCHECK_FUNCTION_EXISTS=pthread_create    CMakeFiles/cmTC_b7da4.dir/CheckFunctionExists.c.o  -o cmTC_b7da4 -rdynamic -lpthreads 
/usr/bin/ld: cannot find -lpthreads
collect2: error: ld returned 1 exit status
CMakeFiles/cmTC_b7da4.dir/build.make:97: recipe for target 'cmTC_b7da4' failed
make[2]: *** [cmTC_b7da4] Error 1
make[2]: Leaving directory '/home/ryan/RECO/location_iot/CMakeFiles/CMakeTmp'
Makefile:126: recipe for target 'cmTC_b7da4/fast' failed
make[1]: *** [cmTC_b7da4/fast] Error 2
make[1]: Leaving directory '/home/ryan/RECO/location_iot/CMakeFiles/CMakeTmp'


Determining if the pthread_create exist failed with the following output:
Change Dir: /home/ryan/RECO/location_iot/CMakeFiles/CMakeTmp

Run Build Command:"/usr/bin/make" "cmTC_d1785/fast"
make[1]: Entering directory '/home/ryan/RECO/location_iot/CMakeFiles/CMakeTmp'
/usr/bin/make -f CMakeFiles/cmTC_d1785.dir/build.make CMakeFiles/cmTC_d1785.dir/build
make[2]: Entering directory '/home/ryan/RECO/location_iot/CMakeFiles/CMakeTmp'
Building C object CMakeFiles/cmTC_d1785.dir/CheckSymbolExists.c.o
/usr/bin/cc     -o CMakeFiles/cmTC_d1785.dir/CheckSymbolExists.c.o   -c /home/ryan/RECO/location_iot/CMakeFiles/CMakeTmp/CheckSymbolExists.c
Linking C executable cmTC_d1785
/usr/bin/cmake -E cmake_link_script CMakeFiles/cmTC_d1785.dir/link.txt --verbose=1
/usr/bin/cc       CMakeFiles/cmTC_d1785.dir/CheckSymbolExists.c.o  -o cmTC_d1785 -rdynamic 
CMakeFiles/cmTC_d1785.dir/CheckSymbolExists.c.o: In function `main':
CheckSymbolExists.c:(.text+0x16): undefined reference to `pthread_create'
collect2: error: ld returned 1 exit status
CMakeFiles/cmTC_d1785.dir/build.make:97: recipe for target 'cmTC_d1785' failed
make[2]: *** [cmTC_d1785] Error 1
make[2]: Leaving directory '/home/ryan/RECO/location_iot/CMakeFiles/CMakeTmp'
Makefile:126: recipe for target 'cmTC_d1785/fast' failed
make[1]: *** [cmTC_d1785/fast] Error 2
make[1]: Leaving directory '/home/ryan/RECO/location_iot/CMakeFiles/CMakeTmp'

File /home/ryan/RECO/location_iot/CMakeFiles/CMakeTmp/CheckSymbolExists.c:
/* */
#include <pthread.h>

int main(int argc, char** argv)
{
  (void)argv;
#ifndef pthread_create
  return ((int*)(&pthread_create))[argc];
#else
  (void)argc;
  return 0;
#endif
}

Determining if the function pthread_create exists in the pthreads failed with the following output:
Change Dir: /home/ryan/RECO/location_iot/CMakeFiles/CMakeTmp

Run Build Command:"/usr/bin/make" "cmTC_6ef96/fast"
make[1]: Entering directory '/home/ryan/RECO/location_iot/CMakeFiles/CMakeTmp'
/usr/bin/make -f CMakeFiles/cmTC_6ef96.dir/build.make CMakeFiles/cmTC_6ef96.dir/build
make[2]: Entering directory '/home/ryan/RECO/location_iot/CMakeFiles/CMakeTmp'
Building C object CMakeFiles/cmTC_6ef96.dir/CheckFunctionExists.c.o
/usr/bin/cc    -DCHECK_FUNCTION_EXISTS=pthread_create   -o CMakeFiles/cmTC_6ef96.dir/CheckFunctionExists.c.o   -c /usr/share/cmake-3.5/Modules/CheckFunctionExists.c
Linking C executable cmTC_6ef96
/usr/bin/cmake -E cmake_link_script CMakeFiles/cmTC_6ef96.dir/link.txt --verbose=1
/usr/bin/cc   -DCHECK_FUNCTION_EXISTS=pthread_create    CMakeFiles/cmTC_6ef96.dir/CheckFunctionExists.c.o  -o cmTC_6ef96 -rdynamic -lpthreads 
/usr/bin/ld: cannot find -lpthreads
collect2: error: ld returned 1 exit status
CMakeFiles/cmTC_6ef96.dir/build.make:97: recipe for target 'cmTC_6ef96' failed
make[2]: *** [cmTC_6ef96] Error 1
make[2]: Leaving directory '/home/ryan/RECO/location_iot/CMakeFiles/CMakeTmp'
Makefile:126: recipe for target 'cmTC_6ef96/fast' failed
make[1]: *** [cmTC_6ef96/fast] Error 2
make[1]: Leaving directory '/home/ryan/RECO/location_iot/CMakeFiles/CMakeTmp'


