Determining if the pthread_create exist failed with the following output:
Change Dir: /home/oai-epc/test/location_new/CMakeFiles/CMakeTmp

Run Build Command:"/usr/bin/make" "cmTC_a3c4d/fast"
/usr/bin/make -f CMakeFiles/cmTC_a3c4d.dir/build.make CMakeFiles/cmTC_a3c4d.dir/build
make[1]: Entering directory '/home/oai-epc/test/location_new/CMakeFiles/CMakeTmp'
Building C object CMakeFiles/cmTC_a3c4d.dir/CheckSymbolExists.c.o
/usr/bin/cc     -o CMakeFiles/cmTC_a3c4d.dir/CheckSymbolExists.c.o   -c /home/oai-epc/test/location_new/CMakeFiles/CMakeTmp/CheckSymbolExists.c
Linking C executable cmTC_a3c4d
/usr/bin/cmake -E cmake_link_script CMakeFiles/cmTC_a3c4d.dir/link.txt --verbose=1
/usr/bin/cc       CMakeFiles/cmTC_a3c4d.dir/CheckSymbolExists.c.o  -o cmTC_a3c4d -rdynamic 
CMakeFiles/cmTC_a3c4d.dir/CheckSymbolExists.c.o: In function `main':
CheckSymbolExists.c:(.text+0x16): undefined reference to `pthread_create'
collect2: error: ld returned 1 exit status
CMakeFiles/cmTC_a3c4d.dir/build.make:97: recipe for target 'cmTC_a3c4d' failed
make[1]: *** [cmTC_a3c4d] Error 1
make[1]: Leaving directory '/home/oai-epc/test/location_new/CMakeFiles/CMakeTmp'
Makefile:126: recipe for target 'cmTC_a3c4d/fast' failed
make: *** [cmTC_a3c4d/fast] Error 2

File /home/oai-epc/test/location_new/CMakeFiles/CMakeTmp/CheckSymbolExists.c:
/* */
#include <pthread.h>

int main(int argc, char** argv)
{
  (void)argv;
#ifndef pthread_create
  return ((int*)(&pthread_create))[argc];
#else
  (void)argc;
  return 0;
#endif
}

Determining if the function pthread_create exists in the pthreads failed with the following output:
Change Dir: /home/oai-epc/test/location_new/CMakeFiles/CMakeTmp

Run Build Command:"/usr/bin/make" "cmTC_0d04c/fast"
/usr/bin/make -f CMakeFiles/cmTC_0d04c.dir/build.make CMakeFiles/cmTC_0d04c.dir/build
make[1]: Entering directory '/home/oai-epc/test/location_new/CMakeFiles/CMakeTmp'
Building C object CMakeFiles/cmTC_0d04c.dir/CheckFunctionExists.c.o
/usr/bin/cc    -DCHECK_FUNCTION_EXISTS=pthread_create   -o CMakeFiles/cmTC_0d04c.dir/CheckFunctionExists.c.o   -c /usr/share/cmake-3.5/Modules/CheckFunctionExists.c
Linking C executable cmTC_0d04c
/usr/bin/cmake -E cmake_link_script CMakeFiles/cmTC_0d04c.dir/link.txt --verbose=1
/usr/bin/cc   -DCHECK_FUNCTION_EXISTS=pthread_create    CMakeFiles/cmTC_0d04c.dir/CheckFunctionExists.c.o  -o cmTC_0d04c -rdynamic -lpthreads 
/usr/bin/ld: cannot find -lpthreads
collect2: error: ld returned 1 exit status
CMakeFiles/cmTC_0d04c.dir/build.make:97: recipe for target 'cmTC_0d04c' failed
make[1]: *** [cmTC_0d04c] Error 1
make[1]: Leaving directory '/home/oai-epc/test/location_new/CMakeFiles/CMakeTmp'
Makefile:126: recipe for target 'cmTC_0d04c/fast' failed
make: *** [cmTC_0d04c/fast] Error 2


Determining if the pthread_create exist failed with the following output:
Change Dir: /home/ryan/Downloads/location_new/CMakeFiles/CMakeTmp

Run Build Command:"/usr/bin/make" "cmTC_ea7b9/fast"
/usr/bin/make -f CMakeFiles/cmTC_ea7b9.dir/build.make CMakeFiles/cmTC_ea7b9.dir/build
make[1]: Entering directory '/home/ryan/Downloads/location_new/CMakeFiles/CMakeTmp'
Building C object CMakeFiles/cmTC_ea7b9.dir/CheckSymbolExists.c.o
/usr/bin/cc     -o CMakeFiles/cmTC_ea7b9.dir/CheckSymbolExists.c.o   -c /home/ryan/Downloads/location_new/CMakeFiles/CMakeTmp/CheckSymbolExists.c
Linking C executable cmTC_ea7b9
/usr/bin/cmake -E cmake_link_script CMakeFiles/cmTC_ea7b9.dir/link.txt --verbose=1
/usr/bin/cc       CMakeFiles/cmTC_ea7b9.dir/CheckSymbolExists.c.o  -o cmTC_ea7b9 -rdynamic 
CMakeFiles/cmTC_ea7b9.dir/CheckSymbolExists.c.o: In function `main':
CheckSymbolExists.c:(.text+0x16): undefined reference to `pthread_create'
collect2: error: ld returned 1 exit status
CMakeFiles/cmTC_ea7b9.dir/build.make:97: recipe for target 'cmTC_ea7b9' failed
make[1]: *** [cmTC_ea7b9] Error 1
make[1]: Leaving directory '/home/ryan/Downloads/location_new/CMakeFiles/CMakeTmp'
Makefile:126: recipe for target 'cmTC_ea7b9/fast' failed
make: *** [cmTC_ea7b9/fast] Error 2

File /home/ryan/Downloads/location_new/CMakeFiles/CMakeTmp/CheckSymbolExists.c:
/* */
#include <pthread.h>

int main(int argc, char** argv)
{
  (void)argv;
#ifndef pthread_create
  return ((int*)(&pthread_create))[argc];
#else
  (void)argc;
  return 0;
#endif
}

Determining if the function pthread_create exists in the pthreads failed with the following output:
Change Dir: /home/ryan/Downloads/location_new/CMakeFiles/CMakeTmp

Run Build Command:"/usr/bin/make" "cmTC_d0cb6/fast"
/usr/bin/make -f CMakeFiles/cmTC_d0cb6.dir/build.make CMakeFiles/cmTC_d0cb6.dir/build
make[1]: Entering directory '/home/ryan/Downloads/location_new/CMakeFiles/CMakeTmp'
Building C object CMakeFiles/cmTC_d0cb6.dir/CheckFunctionExists.c.o
/usr/bin/cc    -DCHECK_FUNCTION_EXISTS=pthread_create   -o CMakeFiles/cmTC_d0cb6.dir/CheckFunctionExists.c.o   -c /usr/share/cmake-3.5/Modules/CheckFunctionExists.c
Linking C executable cmTC_d0cb6
/usr/bin/cmake -E cmake_link_script CMakeFiles/cmTC_d0cb6.dir/link.txt --verbose=1
/usr/bin/cc   -DCHECK_FUNCTION_EXISTS=pthread_create    CMakeFiles/cmTC_d0cb6.dir/CheckFunctionExists.c.o  -o cmTC_d0cb6 -rdynamic -lpthreads 
/usr/bin/ld: cannot find -lpthreads
collect2: error: ld returned 1 exit status
CMakeFiles/cmTC_d0cb6.dir/build.make:97: recipe for target 'cmTC_d0cb6' failed
make[1]: *** [cmTC_d0cb6] Error 1
make[1]: Leaving directory '/home/ryan/Downloads/location_new/CMakeFiles/CMakeTmp'
Makefile:126: recipe for target 'cmTC_d0cb6/fast' failed
make: *** [cmTC_d0cb6/fast] Error 2


Determining if the pthread_create exist failed with the following output:
Change Dir: /home/oai-epc/Downloads/location_new/CMakeFiles/CMakeTmp

Run Build Command:"/usr/bin/make" "cmTC_e9470/fast"
/usr/bin/make -f CMakeFiles/cmTC_e9470.dir/build.make CMakeFiles/cmTC_e9470.dir/build
make[1]: Entering directory '/home/oai-epc/Downloads/location_new/CMakeFiles/CMakeTmp'
Building C object CMakeFiles/cmTC_e9470.dir/CheckSymbolExists.c.o
/usr/bin/cc     -o CMakeFiles/cmTC_e9470.dir/CheckSymbolExists.c.o   -c /home/oai-epc/Downloads/location_new/CMakeFiles/CMakeTmp/CheckSymbolExists.c
Linking C executable cmTC_e9470
/usr/bin/cmake -E cmake_link_script CMakeFiles/cmTC_e9470.dir/link.txt --verbose=1
/usr/bin/cc       CMakeFiles/cmTC_e9470.dir/CheckSymbolExists.c.o  -o cmTC_e9470 -rdynamic 
CMakeFiles/cmTC_e9470.dir/CheckSymbolExists.c.o: In function `main':
CheckSymbolExists.c:(.text+0x16): undefined reference to `pthread_create'
collect2: error: ld returned 1 exit status
CMakeFiles/cmTC_e9470.dir/build.make:97: recipe for target 'cmTC_e9470' failed
make[1]: *** [cmTC_e9470] Error 1
make[1]: Leaving directory '/home/oai-epc/Downloads/location_new/CMakeFiles/CMakeTmp'
Makefile:126: recipe for target 'cmTC_e9470/fast' failed
make: *** [cmTC_e9470/fast] Error 2

File /home/oai-epc/Downloads/location_new/CMakeFiles/CMakeTmp/CheckSymbolExists.c:
/* */
#include <pthread.h>

int main(int argc, char** argv)
{
  (void)argv;
#ifndef pthread_create
  return ((int*)(&pthread_create))[argc];
#else
  (void)argc;
  return 0;
#endif
}

Determining if the function pthread_create exists in the pthreads failed with the following output:
Change Dir: /home/oai-epc/Downloads/location_new/CMakeFiles/CMakeTmp

Run Build Command:"/usr/bin/make" "cmTC_2c750/fast"
/usr/bin/make -f CMakeFiles/cmTC_2c750.dir/build.make CMakeFiles/cmTC_2c750.dir/build
make[1]: Entering directory '/home/oai-epc/Downloads/location_new/CMakeFiles/CMakeTmp'
Building C object CMakeFiles/cmTC_2c750.dir/CheckFunctionExists.c.o
/usr/bin/cc    -DCHECK_FUNCTION_EXISTS=pthread_create   -o CMakeFiles/cmTC_2c750.dir/CheckFunctionExists.c.o   -c /usr/share/cmake-3.5/Modules/CheckFunctionExists.c
Linking C executable cmTC_2c750
/usr/bin/cmake -E cmake_link_script CMakeFiles/cmTC_2c750.dir/link.txt --verbose=1
/usr/bin/cc   -DCHECK_FUNCTION_EXISTS=pthread_create    CMakeFiles/cmTC_2c750.dir/CheckFunctionExists.c.o  -o cmTC_2c750 -rdynamic -lpthreads 
/usr/bin/ld: cannot find -lpthreads
collect2: error: ld returned 1 exit status
CMakeFiles/cmTC_2c750.dir/build.make:97: recipe for target 'cmTC_2c750' failed
make[1]: *** [cmTC_2c750] Error 1
make[1]: Leaving directory '/home/oai-epc/Downloads/location_new/CMakeFiles/CMakeTmp'
Makefile:126: recipe for target 'cmTC_2c750/fast' failed
make: *** [cmTC_2c750/fast] Error 2


Determining if the pthread_create exist failed with the following output:
Change Dir: /home/wirelab/Downloads/location_human/CMakeFiles/CMakeTmp

Run Build Command:"/usr/bin/make" "cmTC_9d907/fast"
/usr/bin/make -f CMakeFiles/cmTC_9d907.dir/build.make CMakeFiles/cmTC_9d907.dir/build
make[1]: Entering directory '/home/wirelab/Downloads/location_human/CMakeFiles/CMakeTmp'
Building C object CMakeFiles/cmTC_9d907.dir/CheckSymbolExists.c.o
/usr/bin/cc     -o CMakeFiles/cmTC_9d907.dir/CheckSymbolExists.c.o   -c /home/wirelab/Downloads/location_human/CMakeFiles/CMakeTmp/CheckSymbolExists.c
Linking C executable cmTC_9d907
/usr/bin/cmake -E cmake_link_script CMakeFiles/cmTC_9d907.dir/link.txt --verbose=1
/usr/bin/cc       CMakeFiles/cmTC_9d907.dir/CheckSymbolExists.c.o  -o cmTC_9d907 -rdynamic 
CMakeFiles/cmTC_9d907.dir/CheckSymbolExists.c.o: In function `main':
CheckSymbolExists.c:(.text+0x16): undefined reference to `pthread_create'
collect2: error: ld returned 1 exit status
CMakeFiles/cmTC_9d907.dir/build.make:97: recipe for target 'cmTC_9d907' failed
make[1]: *** [cmTC_9d907] Error 1
make[1]: Leaving directory '/home/wirelab/Downloads/location_human/CMakeFiles/CMakeTmp'
Makefile:126: recipe for target 'cmTC_9d907/fast' failed
make: *** [cmTC_9d907/fast] Error 2

File /home/wirelab/Downloads/location_human/CMakeFiles/CMakeTmp/CheckSymbolExists.c:
/* */
#include <pthread.h>

int main(int argc, char** argv)
{
  (void)argv;
#ifndef pthread_create
  return ((int*)(&pthread_create))[argc];
#else
  (void)argc;
  return 0;
#endif
}

Determining if the function pthread_create exists in the pthreads failed with the following output:
Change Dir: /home/wirelab/Downloads/location_human/CMakeFiles/CMakeTmp

Run Build Command:"/usr/bin/make" "cmTC_c5747/fast"
/usr/bin/make -f CMakeFiles/cmTC_c5747.dir/build.make CMakeFiles/cmTC_c5747.dir/build
make[1]: Entering directory '/home/wirelab/Downloads/location_human/CMakeFiles/CMakeTmp'
Building C object CMakeFiles/cmTC_c5747.dir/CheckFunctionExists.c.o
/usr/bin/cc    -DCHECK_FUNCTION_EXISTS=pthread_create   -o CMakeFiles/cmTC_c5747.dir/CheckFunctionExists.c.o   -c /usr/share/cmake-3.5/Modules/CheckFunctionExists.c
Linking C executable cmTC_c5747
/usr/bin/cmake -E cmake_link_script CMakeFiles/cmTC_c5747.dir/link.txt --verbose=1
/usr/bin/cc   -DCHECK_FUNCTION_EXISTS=pthread_create    CMakeFiles/cmTC_c5747.dir/CheckFunctionExists.c.o  -o cmTC_c5747 -rdynamic -lpthreads 
/usr/bin/ld: cannot find -lpthreads
collect2: error: ld returned 1 exit status
CMakeFiles/cmTC_c5747.dir/build.make:97: recipe for target 'cmTC_c5747' failed
make[1]: *** [cmTC_c5747] Error 1
make[1]: Leaving directory '/home/wirelab/Downloads/location_human/CMakeFiles/CMakeTmp'
Makefile:126: recipe for target 'cmTC_c5747/fast' failed
make: *** [cmTC_c5747/fast] Error 2


